{"ts":1706594919476,"action":"PROJECT_OPENED","tags":{"PROJECT_NAME":"CategoryDemo"}}
{"ts":1706594923009,"action":"IDE_DEACTIVATED"}
{"ts":1706594923010,"action":"IDE_ACTIVATED"}
{"ts":1706594959169,"action":"IDE_DEACTIVATED"}
{"ts":1706594960450,"action":"IDE_ACTIVATED"}
{"ts":1706594964641,"action":"IDE_DEACTIVATED"}
{"ts":1706594964771,"action":"IDE_ACTIVATED"}
{"ts":1706594970217,"action":"PROJECT_CLOSED","tags":{"PROJECT_NAME":"CategoryDemo"}}
{"ts":1706595128870,"action":"PROJECT_OPENED","tags":{"PROJECT_NAME":"CategoryDemo"}}
{"ts":1706595146584,"action":"IDE_DEACTIVATED"}
{"ts":1706595147491,"action":"IDE_ACTIVATED"}
{"ts":1706595155322,"action":"IDE_DEACTIVATED"}
{"ts":1706595166287,"action":"IDE_ACTIVATED"}
{"ts":1706595170676,"action":"IDE_DEACTIVATED"}
{"ts":1706595206896,"action":"IDE_ACTIVATED"}
{"ts":1706595273713,"action":"IDE_DEACTIVATED"}
{"ts":1706595277372,"action":"IDE_ACTIVATED"}
{"ts":1706595353887,"action":"IDE_DEACTIVATED"}
{"ts":1706595355384,"action":"IDE_ACTIVATED"}
{"ts":1706595385838,"action":"IDE_DEACTIVATED"}
{"ts":1706595462033,"action":"IDE_ACTIVATED"}
{"ts":1706595462968,"action":"IDE_DEACTIVATED"}
{"ts":1706595464328,"action":"IDE_ACTIVATED"}
{"ts":1706595639243,"action":"IDE_DEACTIVATED"}
{"ts":1706595641967,"action":"IDE_ACTIVATED"}
{"ts":1706595650991,"action":"IDE_DEACTIVATED"}
{"ts":1706595651082,"action":"IDE_ACTIVATED"}
{"ts":1706595663715,"action":"IDE_DEACTIVATED"}
{"ts":1706595663791,"action":"IDE_ACTIVATED"}
{"ts":1706595670101,"action":"IDE_DEACTIVATED"}
{"ts":1706595670203,"action":"IDE_ACTIVATED"}
{"ts":1706595858514,"action":"IDE_DEACTIVATED"}
{"ts":1706595858576,"action":"IDE_ACTIVATED"}
{"ts":1706595878337,"action":"IDE_DEACTIVATED"}
{"ts":1706595878409,"action":"IDE_ACTIVATED"}
{"ts":1706595894020,"action":"IDE_DEACTIVATED"}
{"ts":1706595894111,"action":"IDE_ACTIVATED"}
{"ts":1706595896023,"action":"IDE_DEACTIVATED"}
{"ts":1706595896085,"action":"IDE_ACTIVATED"}
{"ts":1706595915849,"action":"IDE_DEACTIVATED"}
{"ts":1706595915929,"action":"IDE_ACTIVATED"}
{"ts":1706595925359,"action":"IDE_DEACTIVATED"}
{"ts":1706595925423,"action":"IDE_ACTIVATED"}
{"ts":1706595949932,"action":"IDE_DEACTIVATED"}
{"ts":1706595950049,"action":"IDE_ACTIVATED"}
{"ts":1706595955462,"action":"IDE_DEACTIVATED"}
{"ts":1706595955545,"action":"IDE_ACTIVATED"}
{"ts":1706596015517,"action":"IDE_DEACTIVATED"}
{"ts":1706596015589,"action":"IDE_ACTIVATED"}
{"ts":1706596023859,"action":"IDE_DEACTIVATED"}
{"ts":1706596023938,"action":"IDE_ACTIVATED"}
{"ts":1706596104227,"action":"IDE_DEACTIVATED"}
{"ts":1706596104682,"action":"IDE_ACTIVATED"}
{"ts":1706596108187,"action":"IDE_DEACTIVATED"}
{"ts":1706596108264,"action":"IDE_ACTIVATED"}
{"ts":1706596133661,"action":"IDE_DEACTIVATED"}
{"ts":1706596134857,"action":"IDE_ACTIVATED"}
{"ts":1706596167280,"action":"IDE_DEACTIVATED"}
{"ts":1706596170078,"action":"IDE_ACTIVATED"}
{"ts":1706596173419,"action":"IDE_DEACTIVATED"}
{"ts":1706596175019,"action":"IDE_ACTIVATED"}
{"ts":1706596176612,"action":"IDE_DEACTIVATED"}
{"ts":1706596177569,"action":"IDE_ACTIVATED"}
{"ts":1706660100637,"action":"FILE_OPENED","file":"/app/src/main/res/layout/activity_main.xml","tags":{"FILE_LINE_OF_CODE":"18"}}
{"ts":1706660100717,"action":"FILE_CLOSED","file":"/app/src/main/res/layout/activity_main.xml","tags":{"FILE_LINE_OF_CODE":"18"}}
{"ts":1706660100717,"action":"FILE_OPENED","file":"/gradle/wrapper/gradle-wrapper.properties","tags":{"FILE_LINE_OF_CODE":"7"}}
{"ts":1706660100759,"action":"PROJECT_OPENED","tags":{"PROJECT_NAME":"CategoryDemo"}}
{"ts":1706660123653,"action":"FILE_CLOSED","file":"/gradle/wrapper/gradle-wrapper.properties","tags":{"FILE_LINE_OF_CODE":"7"}}
{"ts":1706660123653,"action":"FILE_OPENED","file":"/app/src/main/java/com/example/categorydemo/MainActivity.java","tags":{"FILE_LINE_OF_CODE":"14"}}
{"ts":1706660126192,"action":"IDE_DEACTIVATED"}
{"ts":1706660128758,"action":"IDE_ACTIVATED"}
{"ts":1706660129616,"action":"IDE_DEACTIVATED"}
{"ts":1706660130313,"action":"IDE_ACTIVATED"}
{"ts":1706660142983,"action":"IDE_DEACTIVATED"}
{"ts":1706660144178,"action":"IDE_ACTIVATED"}
{"ts":1706660283424,"action":"IDE_DEACTIVATED"}
{"ts":1706660284058,"action":"IDE_ACTIVATED"}
{"ts":1706660285583,"action":"IDE_DEACTIVATED"}
{"ts":1706660286784,"action":"IDE_ACTIVATED"}
{"ts":1706660295524,"action":"IDE_DEACTIVATED"}
{"ts":1706660295627,"action":"IDE_ACTIVATED"}
{"ts":1706660302972,"action":"FILE_CLOSED","file":"/app/src/main/java/com/example/categorydemo/MainActivity.java","tags":{"FILE_LINE_OF_CODE":"14"}}
{"ts":1706660302972,"action":"FILE_OPENED","file":"/app/src/main/res/layout/item_main_details.xml","tags":{"FILE_LINE_OF_CODE":"20"}}
{"ts":1706660306182,"action":"FILE_CLOSED","file":"/app/src/main/res/layout/item_main_details.xml","tags":{"FILE_LINE_OF_CODE":"20"}}
{"ts":1706660306182,"action":"FILE_OPENED","file":"/app/src/main/res/layout/item_main_left.xml","tags":{"FILE_LINE_OF_CODE":"16"}}
{"ts":1706660309270,"action":"FILE_CLOSED","file":"/app/src/main/res/layout/item_main_left.xml","tags":{"FILE_LINE_OF_CODE":"16"}}
{"ts":1706660309270,"action":"FILE_OPENED","file":"/app/src/main/res/layout/item_main_right.xml","tags":{"FILE_LINE_OF_CODE":"31"}}
{"ts":1706660312886,"action":"IDE_DEACTIVATED"}
{"ts":1706660312978,"action":"IDE_ACTIVATED"}
{"ts":1706660317919,"action":"IDE_DEACTIVATED"}
{"ts":1706660317995,"action":"IDE_ACTIVATED"}
{"ts":1706660321776,"action":"FILE_CLOSED","file":"/app/src/main/res/layout/item_main_right.xml","tags":{"FILE_LINE_OF_CODE":"31"}}
{"ts":1706660321776,"action":"FILE_OPENED","file":"/app/src/main/java/com/example/categorydemo/OneTypeAdapter.java","tags":{"FILE_LINE_OF_CODE":"82"}}
{"ts":1706660329742,"action":"IDE_DEACTIVATED"}
{"ts":1706660329848,"action":"IDE_ACTIVATED"}
{"ts":1706660339082,"action":"IDE_DEACTIVATED"}
{"ts":1706660339190,"action":"IDE_ACTIVATED"}
{"ts":1706660342786,"action":"FILE_CLOSED","file":"/app/src/main/java/com/example/categorydemo/OneTypeAdapter.java","tags":{"FILE_LINE_OF_CODE":"82"}}
{"ts":1706660342786,"action":"FILE_OPENED","file":"/app/src/main/res/values/colors.xml","tags":{"FILE_LINE_OF_CODE":"5"}}
{"ts":1706660346875,"action":"FILE_CLOSED","file":"/app/src/main/res/values/colors.xml","tags":{"FILE_LINE_OF_CODE":"9"}}
{"ts":1706660346875,"action":"FILE_OPENED","file":"/app/src/main/java/com/example/categorydemo/OneTypeAdapter.java","tags":{"FILE_LINE_OF_CODE":"82"}}
{"ts":1706661131324,"action":"FILE_CLOSED","file":"/app/src/main/java/com/example/categorydemo/OneTypeAdapter.java","tags":{"FILE_LINE_OF_CODE":"78"}}
{"ts":1706661131324,"action":"FILE_OPENED","file":"/app/src/main/java/com/example/categorydemo/MainActivity.java","tags":{"FILE_LINE_OF_CODE":"14"}}
{"ts":1706661132258,"action":"FILE_CLOSED","file":"/app/src/main/java/com/example/categorydemo/MainActivity.java","tags":{"FILE_LINE_OF_CODE":"14"}}
{"ts":1706661132258,"action":"FILE_OPENED","file":"/app/src/main/java/com/example/categorydemo/ThreeTypeAdapter.java","tags":{"FILE_LINE_OF_CODE":"57"}}
{"ts":1706661133458,"action":"FILE_CLOSED","file":"/app/src/main/java/com/example/categorydemo/ThreeTypeAdapter.java","tags":{"FILE_LINE_OF_CODE":"57"}}
{"ts":1706661133458,"action":"FILE_OPENED","file":"/app/src/main/java/com/example/categorydemo/TwoTypeAdapter.java","tags":{"FILE_LINE_OF_CODE":"61"}}
{"ts":1706661135411,"action":"FILE_CLOSED","file":"/app/src/main/java/com/example/categorydemo/TwoTypeAdapter.java","tags":{"FILE_LINE_OF_CODE":"61"}}
{"ts":1706661135411,"action":"FILE_OPENED","file":"/app/src/main/java/com/example/categorydemo/MainActivity.java","tags":{"FILE_LINE_OF_CODE":"14"}}
{"ts":1706661136954,"action":"FILE_CLOSED","file":"/app/src/main/java/com/example/categorydemo/MainActivity.java","tags":{"FILE_LINE_OF_CODE":"14"}}
{"ts":1706661136954,"action":"FILE_OPENED","file":"/app/src/main/res/layout/activity_main.xml","tags":{"FILE_LINE_OF_CODE":"18"}}
{"ts":1706661138384,"action":"IDE_DEACTIVATED"}
{"ts":1706661139015,"action":"IDE_ACTIVATED"}
{"ts":1706661146294,"action":"IDE_DEACTIVATED"}
{"ts":1706661146395,"action":"IDE_ACTIVATED"}
{"ts":1706661163787,"action":"FILE_CLOSED","file":"/app/src/main/res/layout/activity_main.xml","tags":{"FILE_LINE_OF_CODE":"20"}}
{"ts":1706661163787,"action":"FILE_OPENED","file":"/app/src/main/java/com/example/categorydemo/MainActivity.java","tags":{"FILE_LINE_OF_CODE":"14"}}
{"ts":1706661169101,"action":"IDE_DEACTIVATED"}
{"ts":1706661171957,"action":"IDE_ACTIVATED"}
{"ts":1706661180635,"action":"IDE_DEACTIVATED"}
{"ts":1706661180740,"action":"IDE_ACTIVATED"}
{"ts":1706661195373,"action":"IDE_DEACTIVATED"}
{"ts":1706661195483,"action":"IDE_ACTIVATED"}
{"ts":1706661200757,"action":"IDE_DEACTIVATED"}
{"ts":1706661200870,"action":"IDE_ACTIVATED"}
{"ts":1706661204303,"action":"IDE_DEACTIVATED"}
{"ts":1706661204424,"action":"IDE_ACTIVATED"}
{"ts":1706661238323,"action":"IDE_DEACTIVATED"}
{"ts":1706661238410,"action":"IDE_ACTIVATED"}
{"ts":1706661281057,"action":"FILE_CLOSED","file":"/app/src/main/java/com/example/categorydemo/MainActivity.java","tags":{"FILE_LINE_OF_CODE":"25"}}
{"ts":1706661281057,"action":"FILE_OPENED","file":"/app/src/main/java/com/example/categorydemo/OneTypeAdapter.java","tags":{"FILE_LINE_OF_CODE":"78"}}
{"ts":1706661288472,"action":"IDE_DEACTIVATED"}
{"ts":1706661288551,"action":"IDE_ACTIVATED"}
{"ts":1706661293571,"action":"IDE_DEACTIVATED"}
{"ts":1706661293684,"action":"IDE_ACTIVATED"}
{"ts":1706661294002,"action":"IDE_DEACTIVATED"}
{"ts":1706661294125,"action":"IDE_ACTIVATED"}
{"ts":1706661302318,"action":"IDE_DEACTIVATED"}
{"ts":1706661302420,"action":"IDE_ACTIVATED"}
{"ts":1706661305233,"action":"FILE_CLOSED","file":"/app/src/main/java/com/example/categorydemo/OneTypeAdapter.java","tags":{"FILE_LINE_OF_CODE":"78"}}
{"ts":1706661305233,"action":"FILE_OPENED","file":"/app/src/main/java/com/example/categorydemo/MainActivity.java","tags":{"FILE_LINE_OF_CODE":"25"}}
{"ts":1706661306179,"action":"IDE_DEACTIVATED"}
{"ts":1706661306269,"action":"IDE_ACTIVATED"}
{"ts":1706661308521,"action":"IDE_DEACTIVATED"}
{"ts":1706661308613,"action":"IDE_ACTIVATED"}
{"ts":1706661312905,"action":"IDE_DEACTIVATED"}
{"ts":1706661312995,"action":"IDE_ACTIVATED"}
{"ts":1706661315247,"action":"IDE_DEACTIVATED"}
{"ts":1706661315357,"action":"IDE_ACTIVATED"}
{"ts":1706661319196,"action":"IDE_DEACTIVATED"}
{"ts":1706661319280,"action":"IDE_ACTIVATED"}
{"ts":1706661331730,"action":"IDE_DEACTIVATED"}
{"ts":1706661331829,"action":"IDE_ACTIVATED"}
{"ts":1706661334708,"action":"IDE_DEACTIVATED"}
{"ts":1706661334789,"action":"IDE_ACTIVATED"}
{"ts":1706661338093,"action":"IDE_DEACTIVATED"}
{"ts":1706661338183,"action":"IDE_ACTIVATED"}
{"ts":1706661595862,"action":"IDE_DEACTIVATED"}
{"ts":1706661621393,"action":"IDE_ACTIVATED"}
{"ts":1706661628696,"action":"IDE_DEACTIVATED"}
{"ts":1706661637630,"action":"IDE_ACTIVATED"}
{"ts":1706661645722,"action":"IDE_DEACTIVATED"}
{"ts":1706661646773,"action":"IDE_ACTIVATED"}
{"ts":1706661647812,"action":"IDE_DEACTIVATED"}
{"ts":1706661678636,"action":"IDE_ACTIVATED"}
{"ts":1706661684873,"action":"IDE_DEACTIVATED"}
{"ts":1706661710271,"action":"IDE_ACTIVATED"}
{"ts":1706661728696,"action":"IDE_DEACTIVATED"}
{"ts":1706661744665,"action":"IDE_ACTIVATED"}
{"ts":1706661761271,"action":"FILE_CLOSED","file":"/app/src/main/java/com/example/categorydemo/MainActivity.java","tags":{"FILE_LINE_OF_CODE":"126"}}
{"ts":1706661761271,"action":"FILE_OPENED","file":"/app/src/main/java/com/example/categorydemo/TwoTypeAdapter.java","tags":{"FILE_LINE_OF_CODE":"61"}}
{"ts":1706661828078,"action":"FILE_CLOSED","file":"/app/src/main/java/com/example/categorydemo/TwoTypeAdapter.java","tags":{"FILE_LINE_OF_CODE":"62"}}
{"ts":1706661828078,"action":"FILE_OPENED","file":"/app/src/main/java/com/example/categorydemo/DetailAdapter.java","tags":{"FILE_LINE_OF_CODE":"57"}}
{"ts":1706661831110,"action":"FILE_CLOSED","file":"/app/src/main/java/com/example/categorydemo/DetailAdapter.java","tags":{"FILE_LINE_OF_CODE":"57"}}
{"ts":1706661831110,"action":"FILE_OPENED","file":"/app/src/main/java/com/example/categorydemo/MainActivity.java","tags":{"FILE_LINE_OF_CODE":"126"}}
{"ts":1706661858263,"action":"FILE_CLOSED","file":"/app/src/main/java/com/example/categorydemo/MainActivity.java","tags":{"FILE_LINE_OF_CODE":"126"}}
{"ts":1706661858263,"action":"FILE_OPENED","file":"/app/src/main/java/com/example/categorydemo/DetailAdapter.java","tags":{"FILE_LINE_OF_CODE":"57"}}
{"ts":1706661860565,"action":"FILE_CLOSED","file":"/app/src/main/java/com/example/categorydemo/DetailAdapter.java","tags":{"FILE_LINE_OF_CODE":"57"}}
{"ts":1706661860565,"action":"FILE_OPENED","file":"/app/src/main/java/com/example/categorydemo/TwoTypeAdapter.java","tags":{"FILE_LINE_OF_CODE":"62"}}
{"ts":1706661868190,"action":"IDE_DEACTIVATED"}
{"ts":1706661870014,"action":"IDE_ACTIVATED"}
{"ts":1706661872427,"action":"IDE_DEACTIVATED"}
{"ts":1706661920232,"action":"IDE_ACTIVATED"}
{"ts":1706661924815,"action":"FILE_CLOSED","file":"/app/src/main/java/com/example/categorydemo/TwoTypeAdapter.java","tags":{"FILE_LINE_OF_CODE":"62"}}
{"ts":1706661924815,"action":"FILE_OPENED","file":"/app/src/main/java/com/example/categorydemo/MainActivity.java","tags":{"FILE_LINE_OF_CODE":"126"}}
{"ts":1706661947660,"action":"IDE_DEACTIVATED"}
{"ts":1706661995173,"action":"IDE_ACTIVATED"}
{"ts":1706662052685,"action":"IDE_DEACTIVATED"}
{"ts":1706662067865,"action":"IDE_ACTIVATED"}
{"ts":1706662370279,"action":"IDE_DEACTIVATED"}
{"ts":1706662383456,"action":"IDE_ACTIVATED"}
{"ts":1706662393528,"action":"IDE_DEACTIVATED"}
{"ts":1706662417141,"action":"IDE_ACTIVATED"}
{"ts":1706662628901,"action":"IDE_DEACTIVATED"}
{"ts":1706662635488,"action":"IDE_ACTIVATED"}
{"ts":1706662642173,"action":"FILE_CLOSED","file":"/app/src/main/java/com/example/categorydemo/MainActivity.java","tags":{"FILE_LINE_OF_CODE":"113"}}
{"ts":1706662642173,"action":"FILE_OPENED","file":"/app/src/main/java/com/example/categorydemo/DetailAdapter.java","tags":{"FILE_LINE_OF_CODE":"57"}}
{"ts":1706662642709,"action":"FILE_CLOSED","file":"/app/src/main/java/com/example/categorydemo/DetailAdapter.java","tags":{"FILE_LINE_OF_CODE":"57"}}
{"ts":1706662642709,"action":"FILE_OPENED","file":"/app/src/main/java/com/example/categorydemo/MainActivity.java","tags":{"FILE_LINE_OF_CODE":"113"}}
{"ts":1706662644474,"action":"IDE_DEACTIVATED"}
{"ts":1706662674493,"action":"IDE_ACTIVATED"}
{"ts":1706662757731,"action":"FILE_CLOSED","file":"/app/src/main/java/com/example/categorydemo/MainActivity.java","tags":{"FILE_LINE_OF_CODE":"109"}}
{"ts":1706662757731,"action":"FILE_OPENED","file":"/app/src/main/java/com/example/categorydemo/DetailAdapter.java","tags":{"FILE_LINE_OF_CODE":"57"}}
{"ts":1706662760479,"action":"FILE_CLOSED","file":"/app/src/main/java/com/example/categorydemo/DetailAdapter.java","tags":{"FILE_LINE_OF_CODE":"57"}}
{"ts":1706662760479,"action":"FILE_OPENED","file":"/app/src/main/java/com/example/categorydemo/MainActivity.java","tags":{"FILE_LINE_OF_CODE":"109"}}
{"ts":1706662761864,"action":"FILE_CLOSED","file":"/app/src/main/java/com/example/categorydemo/MainActivity.java","tags":{"FILE_LINE_OF_CODE":"109"}}
{"ts":1706662761864,"action":"FILE_OPENED","file":"/app/src/main/java/com/example/categorydemo/OneTypeAdapter.java","tags":{"FILE_LINE_OF_CODE":"78"}}
{"ts":1706662762900,"action":"FILE_CLOSED","file":"/app/src/main/java/com/example/categorydemo/OneTypeAdapter.java","tags":{"FILE_LINE_OF_CODE":"78"}}
{"ts":1706662762900,"action":"FILE_OPENED","file":"/app/src/main/java/com/example/categorydemo/TwoTypeAdapter.java","tags":{"FILE_LINE_OF_CODE":"62"}}
{"ts":1706662774220,"action":"FILE_CLOSED","file":"/app/src/main/java/com/example/categorydemo/TwoTypeAdapter.java","tags":{"FILE_LINE_OF_CODE":"62"}}
{"ts":1706662774220,"action":"FILE_OPENED","file":"/app/src/main/java/com/example/categorydemo/DetailAdapter.java","tags":{"FILE_LINE_OF_CODE":"57"}}
{"ts":1706662800311,"action":"FILE_CLOSED","file":"/app/src/main/java/com/example/categorydemo/DetailAdapter.java","tags":{"FILE_LINE_OF_CODE":"58"}}
{"ts":1706662800311,"action":"FILE_OPENED","file":"/app/src/main/java/com/example/categorydemo/MainActivity.java","tags":{"FILE_LINE_OF_CODE":"109"}}
{"ts":1706662801732,"action":"FILE_CLOSED","file":"/app/src/main/java/com/example/categorydemo/MainActivity.java","tags":{"FILE_LINE_OF_CODE":"109"}}
{"ts":1706662801732,"action":"FILE_OPENED","file":"/app/src/main/java/com/example/categorydemo/OneTypeAdapter.java","tags":{"FILE_LINE_OF_CODE":"78"}}
{"ts":1706662802616,"action":"FILE_CLOSED","file":"/app/src/main/java/com/example/categorydemo/OneTypeAdapter.java","tags":{"FILE_LINE_OF_CODE":"78"}}
{"ts":1706662802616,"action":"FILE_OPENED","file":"/app/src/main/java/com/example/categorydemo/TwoTypeAdapter.java","tags":{"FILE_LINE_OF_CODE":"62"}}
{"ts":1706662809537,"action":"IDE_DEACTIVATED"}
{"ts":1706662844050,"action":"IDE_ACTIVATED"}
{"ts":1706662867378,"action":"IDE_DEACTIVATED"}
{"ts":1706662897797,"action":"IDE_ACTIVATED"}
{"ts":1706662928480,"action":"FILE_CLOSED","file":"/app/src/main/java/com/example/categorydemo/TwoTypeAdapter.java","tags":{"FILE_LINE_OF_CODE":"63"}}
{"ts":1706662928480,"action":"FILE_OPENED","file":"/app/src/main/java/com/example/categorydemo/OneTypeAdapter.java","tags":{"FILE_LINE_OF_CODE":"78"}}
{"ts":1706662943415,"action":"IDE_DEACTIVATED"}
{"ts":1706662960231,"action":"IDE_ACTIVATED"}
{"ts":1706662975986,"action":"IDE_DEACTIVATED"}
{"ts":1706663054953,"action":"IDE_ACTIVATED"}
{"ts":1706663056942,"action":"IDE_DEACTIVATED"}
{"ts":1706663058027,"action":"IDE_ACTIVATED"}
{"ts":1706663063478,"action":"IDE_DEACTIVATED"}
{"ts":1706663145268,"action":"IDE_ACTIVATED"}
{"ts":1706663149732,"action":"IDE_DEACTIVATED"}
{"ts":1706663328496,"action":"IDE_ACTIVATED"}
{"ts":1706663333098,"action":"IDE_DEACTIVATED"}
